\BOOKMARK [0][-]{chapter.1}{Image\040processing\040based\040on\040CUDA}{}% 1
\BOOKMARK [1][-]{section.1.1}{Novel\040multi-scale\040retinex\040with\040color\040restoration\040on\040graphics\040processing\040unit}{chapter.1}% 2
\BOOKMARK [2][-]{subsection.1.1.1}{Abstract}{section.1.1}% 3
\BOOKMARK [2][-]{subsection.1.1.2}{Content}{section.1.1}% 4
\BOOKMARK [2][-]{subsection.1.1.3}{Parallel\040optimization\040strage}{section.1.1}% 5
\BOOKMARK [2][-]{subsection.1.1.4}{Conclusion}{section.1.1}% 6
\BOOKMARK [1][-]{section.1.2}{Image\040Convolution}{chapter.1}% 7
\BOOKMARK [2][-]{subsection.1.2.1}{Naïve Implementation}{section.1.2}% 8
\BOOKMARK [2][-]{subsection.1.2.2}{Naïve Shared Memory Implementation}{section.1.2}% 9
\BOOKMARK [2][-]{subsection.1.2.3}{Separable\040Gaussian\040Filtering}{section.1.2}% 10
\BOOKMARK [2][-]{subsection.1.2.4}{Optimizing\040for\040memory\040coalescence}{section.1.2}% 11
\BOOKMARK [1][-]{section.1.3}{CUDA\040C\040Best\040Practice\040Guide}{chapter.1}% 12
\BOOKMARK [2][-]{subsection.1.3.1}{Performance\040Metrics}{section.1.3}% 13
\BOOKMARK [1][-]{section.1.4}{Npp\040Library\040Image\040Filters}{chapter.1}% 14
\BOOKMARK [2][-]{subsection.1.4.1}{Image\040Data}{section.1.4}% 15
\BOOKMARK [1][-]{section.1.5}{PTX\040ISA\0406.0}{chapter.1}% 16
\BOOKMARK [2][-]{subsection.1.5.1}{PTX\040Machine\040Model}{section.1.5}% 17
\BOOKMARK [0][-]{chapter.2}{FPGAs}{}% 18
\BOOKMARK [1][-]{section.2.1}{Performance\040Comparison\040of\040FPGA,\040GPU\040and\040CPU\040in\040Image\040Processing\0402009}{chapter.2}% 19
\BOOKMARK [2][-]{subsection.2.1.1}{Abstract}{section.2.1}% 20
\BOOKMARK [2][-]{subsection.2.1.2}{Content}{section.2.1}% 21
\BOOKMARK [2][-]{subsection.2.1.3}{Results}{section.2.1}% 22
\BOOKMARK [2][-]{subsection.2.1.4}{Conclusion}{section.2.1}% 23
\BOOKMARK [1][-]{section.2.2}{Fast\040FPGA\040Prototyping\040for\040real-time\040image\040processing\040with\040very\040high-level\040synthesis\0402017}{chapter.2}% 24
\BOOKMARK [2][-]{subsection.2.2.1}{Abstract}{section.2.2}% 25
\BOOKMARK [2][-]{subsection.2.2.2}{Content}{section.2.2}% 26
\BOOKMARK [0][-]{chapter.3}{Image\040Fusion}{}% 27
\BOOKMARK [1][-]{section.3.1}{Guided\040Image\040Filter\0402013}{chapter.3}% 28
\BOOKMARK [2][-]{subsection.3.1.1}{Abstract}{section.3.1}% 29
\BOOKMARK [2][-]{subsection.3.1.2}{Content}{section.3.1}% 30
\BOOKMARK [2][-]{subsection.3.1.3}{Conclusion}{section.3.1}% 31
\BOOKMARK [1][-]{section.3.2}{Multiscale\040Image\040Fusion\040Through\040Guided\040Filtering}{chapter.3}% 32
\BOOKMARK [2][-]{subsection.3.2.1}{Abstract}{section.3.2}% 33
\BOOKMARK [2][-]{subsection.3.2.2}{Contents}{section.3.2}% 34
\BOOKMARK [2][-]{subsection.3.2.3}{Conclusion}{section.3.2}% 35
\BOOKMARK [1][-]{section.3.3}{Image\040Fusion\040With\040Guided\040Filtering}{chapter.3}% 36
\BOOKMARK [2][-]{subsection.3.3.1}{Abstract}{section.3.3}% 37
\BOOKMARK [2][-]{subsection.3.3.2}{Contents}{section.3.3}% 38
\BOOKMARK [2][-]{subsection.3.3.3}{Fusion\040Frame}{section.3.3}% 39
\BOOKMARK [2][-]{subsection.3.3.4}{Conclusion}{section.3.3}% 40
\BOOKMARK [0][-]{chapter.4}{Saliency\040Detection}{}% 41
\BOOKMARK [1][-]{section.4.1}{Frequency-tuned\040Salient\040Region\040Detection}{chapter.4}% 42
\BOOKMARK [2][-]{subsection.4.1.1}{Abstract}{section.4.1}% 43
\BOOKMARK [2][-]{subsection.4.1.2}{Contents}{section.4.1}% 44
\BOOKMARK [2][-]{subsection.4.1.3}{Conclusion}{section.4.1}% 45
\BOOKMARK [0][-]{chapter.5}{Semantic\040SLAM}{}% 46
\BOOKMARK [1][-]{section.5.1}{DeLS-3D:\040Deep\040Localization\040and\040Segmentation\040with\040a\0402D\040Semantic\040Map}{chapter.5}% 47
\BOOKMARK [0][-]{chapter.6}{MXNet}{}% 48
\BOOKMARK [1][-]{section.6.1}{Optimizing\040Memory\040Consumption\040in\040DL}{chapter.6}% 49
\BOOKMARK [2][-]{subsection.6.1.1}{Computation\040Graph}{section.6.1}% 50
\BOOKMARK [2][-]{subsection.6.1.2}{What\040Can\040be\040Optimized?}{section.6.1}% 51
\BOOKMARK [2][-]{subsection.6.1.3}{Memory\040Allocation\040Algorithm}{section.6.1}% 52
\BOOKMARK [2][-]{subsection.6.1.4}{Static\040vs.\040Dynamic\040Allocation}{section.6.1}% 53
\BOOKMARK [2][-]{subsection.6.1.5}{Memory\040Allocation\040for\040Parallel\040Operations}{section.6.1}% 54
\BOOKMARK [2][-]{subsection.6.1.6}{How\040Much\040Can\040we\040Save\040?}{section.6.1}% 55
\BOOKMARK [2][-]{subsection.6.1.7}{References}{section.6.1}% 56
\BOOKMARK [1][-]{section.6.2}{Deep\040Learning\040Programming\040Style}{chapter.6}% 57
\BOOKMARK [2][-]{subsection.6.2.1}{Symbolic\040vs.\040Imperative\040Program}{section.6.2}% 58
\BOOKMARK [2][-]{subsection.6.2.2}{Imperative\040Programs\040Tend\040to\040be\040More\040Flexible}{section.6.2}% 59
\BOOKMARK [0][-]{chapter.7}{Tips\040in\040DL}{}% 60
\BOOKMARK [1][-]{section.7.1}{Enlarge\040the\040FOV}{chapter.7}% 61
\BOOKMARK [1][-]{section.7.2}{Upsampling}{chapter.7}% 62
\BOOKMARK [1][-]{section.7.3}{Multiscale\040Ability}{chapter.7}% 63
\BOOKMARK [1][-]{section.7.4}{Dilated\040Convolution}{chapter.7}% 64
\BOOKMARK [1][-]{section.7.5}{Deconvolutional\040Network}{chapter.7}% 65
\BOOKMARK [2][-]{subsection.7.5.1}{Convolutional\040Spare\040Coding}{section.7.5}% 66
\BOOKMARK [2][-]{subsection.7.5.2}{CNN可视化}{section.7.5}% 67
\BOOKMARK [2][-]{subsection.7.5.3}{Upsampling}{section.7.5}% 68
\BOOKMARK [1][-]{section.7.6}{Dilated Network与Deconv Network之间的区别}{chapter.7}% 69
\BOOKMARK [1][-]{section.7.7}{Uppooling}{chapter.7}% 70
\BOOKMARK [1][-]{section.7.8}{目标检测中的mAP的含义}{chapter.7}% 71
\BOOKMARK [1][-]{section.7.9}{统计学习方法}{chapter.7}% 72
\BOOKMARK [1][-]{section.7.10}{待续}{chapter.7}% 73
