\BOOKMARK [0][-]{chapter*.2}{报告说明}{}% 1
\BOOKMARK [0][-]{chapter.1}{Cordic算法原理}{}% 2
\BOOKMARK [1][-]{section.1.1}{Cordic算法简介}{chapter.1}% 3
\BOOKMARK [1][-]{section.1.2}{算法原理}{chapter.1}% 4
\BOOKMARK [1][-]{section.1.3}{IEEE754}{chapter.1}% 5
\BOOKMARK [0][-]{chapter.2}{Cordic设计实现}{}% 6
\BOOKMARK [1][-]{section.2.1}{浮点数转换为定点数}{chapter.2}% 7
\BOOKMARK [1][-]{section.2.2}{定点数转换为浮点数}{chapter.2}% 8
\BOOKMARK [1][-]{section.2.3}{arctan编码}{chapter.2}% 9
\BOOKMARK [1][-]{section.2.4}{迭代求解过程}{chapter.2}% 10
\BOOKMARK [1][-]{section.2.5}{TestBench}{chapter.2}% 11
\BOOKMARK [1][-]{section.2.6}{C++语言实现}{chapter.2}% 12
\BOOKMARK [1][-]{section.2.7}{总结}{chapter.2}% 13
\BOOKMARK [0][-]{chapter.3}{前端流程}{}% 14
\BOOKMARK [1][-]{section.3.1}{工具简介}{chapter.3}% 15
\BOOKMARK [2][-]{subsection.3.1.1}{NC}{section.3.1}% 16
\BOOKMARK [2][-]{subsection.3.1.2}{DC}{section.3.1}% 17
\BOOKMARK [1][-]{section.3.2}{功能验证}{chapter.3}% 18
\BOOKMARK [2][-]{subsection.3.2.1}{基于NC的功能验证}{section.3.2}% 19
\BOOKMARK [2][-]{subsection.3.2.2}{功能验证波形}{section.3.2}% 20
\BOOKMARK [2][-]{subsection.3.2.3}{覆盖率结果及分析}{section.3.2}% 21
\BOOKMARK [1][-]{section.3.3}{逻辑综合}{chapter.3}% 22
\BOOKMARK [2][-]{subsection.3.3.1}{基于DC的逻辑综合}{section.3.3}% 23
\BOOKMARK [2][-]{subsection.3.3.2}{逻辑综合结果及其优化}{section.3.3}% 24
\BOOKMARK [1][-]{section.3.4}{静态时序分析}{chapter.3}% 25
\BOOKMARK [2][-]{subsection.3.4.1}{基于PT的静态时序分析}{section.3.4}% 26
\BOOKMARK [2][-]{subsection.3.4.2}{PT结果}{section.3.4}% 27
\BOOKMARK [1][-]{section.3.5}{总结}{chapter.3}% 28
\BOOKMARK [0][-]{chapter.4}{后端流程}{}% 29
\BOOKMARK [1][-]{section.4.1}{后端设计流程简介}{chapter.4}% 30
\BOOKMARK [1][-]{section.4.2}{实验原理}{chapter.4}% 31
\BOOKMARK [2][-]{subsection.4.2.1}{数据准备}{section.4.2}% 32
\BOOKMARK [2][-]{subsection.4.2.2}{设计与优化}{section.4.2}% 33
\BOOKMARK [1][-]{section.4.3}{PD流程及结果}{chapter.4}% 34
\BOOKMARK [2][-]{subsection.4.3.1}{布局规划}{section.4.3}% 35
\BOOKMARK [2][-]{subsection.4.3.2}{布局以及CTS布线}{section.4.3}% 36
\BOOKMARK [2][-]{subsection.4.3.3}{布线}{section.4.3}% 37
\BOOKMARK [2][-]{subsection.4.3.4}{物理验证}{section.4.3}% 38
\BOOKMARK [1][-]{section.4.4}{总结}{chapter.4}% 39
\BOOKMARK [0][-]{chapter.5}{总结}{}% 40
\BOOKMARK [0][-]{section*.4}{附录 A}{}% 41
