This is XeTeX, Version 3.1415926-2.5-0.9999.3 (TeX Live 2013/Debian) (format=xelatex 2017.1.9)  15 JUL 2017 20:59
entering extended mode
 restricted \write18 enabled.
 %&-line parsing enabled.
**chapter4.tex
(./chapter4.tex
LaTeX2e <2011/06/27>
Babel <3.9h> and hyphenation patterns for 10 languages loaded.
! Undefined control sequence.
l.1 \chapter
            {æ—¶åºåˆ†æä¸ç”µè·¯ä¼˜åŒ–}
The control sequence at the end of the top line
of your error message was never \def'ed. If you have
misspelled it (e.g., `\hobx'), type `I' and the correct
spelling (e.g., `I\hbox'). Otherwise just continue,
and I'll forget about whatever was undefined.


! LaTeX Error: Missing \begin{document}.

See the LaTeX manual or LaTeX Companion for explanation.
Type  H <return>  for immediate help.
 ...                                              
                                                  
l.1 \chapter{æ—¶
                åºåˆ†æä¸ç”µè·¯ä¼˜åŒ–}
You're in trouble here.  Try typing  <return>  to proceed.
If that doesn't work, type  X <return>  to quit.

Missing character: There is no æ—¶ in font nullfont!
Missing character: There is no åº in font nullfont!
Missing character: There is no åˆ† in font nullfont!
Missing character: There is no æ in font nullfont!
Missing character: There is no ä¸ in font nullfont!
Missing character: There is no ç”µ in font nullfont!
Missing character: There is no è·¯ in font nullfont!
Missing character: There is no ä¼˜ in font nullfont!
Missing character: There is no åŒ– in font nullfont!
Missing character: There is no æœ¬ in font nullfont!
Missing character: There is no ç«  in font nullfont!
Missing character: There is no èŠ‚ in font nullfont!
Missing character: There is no ä¸» in font nullfont!
Missing character: There is no è¦ in font nullfont!
Missing character: There is no å¯¹ in font nullfont!
Missing character: There is no ç¬¬ in font nullfont!
Missing character: There is no äºŒ in font nullfont!
Missing character: There is no ç«  in font nullfont!
Missing character: There is no è®¾ in font nullfont!
Missing character: There is no è®¡ in font nullfont!
Missing character: There is no çš„ in font nullfont!
Missing character: There is no ç”µ in font nullfont!
Missing character: There is no è·¯ in font nullfont!
Missing character: There is no å›¾ in font nullfont!
Missing character: There is no å¯¼ in font nullfont!
Missing character: There is no å‡º in font nullfont!
Missing character: There is no . in font nullfont!
Missing character: There is no c in font nullfont!
Missing character: There is no d in font nullfont!
Missing character: There is no l in font nullfont!
Missing character: There is no ç½‘ in font nullfont!
Missing character: There is no è¡¨ in font nullfont!
Missing character: There is no å€Ÿ in font nullfont!
Missing character: There is no åŠ© in font nullfont!
Missing character: There is no H in font nullfont!
Missing character: There is no S in font nullfont!
Missing character: There is no p in font nullfont!
Missing character: There is no i in font nullfont!
Missing character: There is no c in font nullfont!
Missing character: There is no e in font nullfont!
Missing character: There is no å·¥ in font nullfont!
Missing character: There is no å…· in font nullfont!
Missing character: There is no è½¯ in font nullfont!
Missing character: There is no ä»¶ in font nullfont!
Missing character: There is no è¿› in font nullfont!
Missing character: There is no è¡Œ in font nullfont!
Missing character: There is no æ—¶ in font nullfont!
Missing character: There is no åº in font nullfont!
Missing character: There is no åˆ† in font nullfont!
Missing character: There is no æ in font nullfont!
Missing character: There is no ï¼Œ in font nullfont!
Missing character: There is no å³ in font nullfont!
Missing character: There is no è¾“ in font nullfont!
Missing character: There is no å…¥ in font nullfont!
Missing character: There is no åˆ° in font nullfont!
Missing character: There is no è¾“ in font nullfont!
Missing character: There is no å‡º in font nullfont!
Missing character: There is no å»¶ in font nullfont!
Missing character: There is no æ—¶ in font nullfont!
Missing character: There is no çš„ in font nullfont!
Missing character: There is no å¤§ in font nullfont!
Missing character: There is no å° in font nullfont!
Missing character: There is no çš„ in font nullfont!
Missing character: There is no æ£€ in font nullfont!
Missing character: There is no æµ‹ in font nullfont!
Missing character: There is no ã€‚ in font nullfont!
! Undefined control sequence.
l.3 \section
            {å·¥å…·ç®€ä»‹}
The control sequence at the end of the top line
of your error message was never \def'ed. If you have
misspelled it (e.g., `\hobx'), type `I' and the correct
spelling (e.g., `I\hbox'). Otherwise just continue,
and I'll forget about whatever was undefined.

Missing character: There is no å·¥ in font nullfont!
Missing character: There is no å…· in font nullfont!
Missing character: There is no ç®€ in font nullfont!
Missing character: There is no ä»‹ in font nullfont!
Missing character: There is no H in font nullfont!
Missing character: There is no S in font nullfont!
Missing character: There is no P in font nullfont!
Missing character: There is no I in font nullfont!
Missing character: There is no C in font nullfont!
Missing character: There is no E in font nullfont!
Missing character: There is no æ˜¯ in font nullfont!
Missing character: There is no M in font nullfont!
Missing character: There is no e in font nullfont!
Missing character: There is no t in font nullfont!
Missing character: There is no a in font nullfont!
Missing character: There is no - in font nullfont!
Missing character: There is no S in font nullfont!
Missing character: There is no o in font nullfont!
Missing character: There is no f in font nullfont!
Missing character: There is no t in font nullfont!
Missing character: There is no w in font nullfont!
Missing character: There is no a in font nullfont!
Missing character: There is no r in font nullfont!
Missing character: There is no e in font nullfont!
Missing character: There is no å…¬ in font nullfont!
Missing character: There is no å¸ in font nullfont!
Missing character: There is no ä¸º in font nullfont!
Missing character: There is no é›† in font nullfont!
Missing character: There is no æˆ in font nullfont!
Missing character: There is no ç”µ in font nullfont!
Missing character: There is no è·¯ in font nullfont!
Missing character: There is no è®¾ in font nullfont!
Missing character: There is no è®¡ in font nullfont!
Missing character: There is no ä¸­ in font nullfont!
Missing character: There is no çš„ in font nullfont!
Missing character: There is no ç¨³ in font nullfont!
Missing character: There is no æ€ in font nullfont!
Missing character: There is no åˆ† in font nullfont!
Missing character: There is no æ in font nullfont!
Missing character: There is no ï¼Œ in font nullfont!
Missing character: There is no ç¬ in font nullfont!
Missing character: There is no æ€ in font nullfont!
Missing character: There is no åˆ† in font nullfont!
Missing character: There is no æ in font nullfont!
Missing character: There is no å’Œ in font nullfont!
Missing character: There is no é¢‘ in font nullfont!
Missing character: There is no åŸŸ in font nullfont!
Missing character: There is no åˆ† in font nullfont!
Missing character: There is no æ in font nullfont!
Missing character: There is no ç­‰ in font nullfont!
Missing character: There is no ç”µ in font nullfont!
Missing character: There is no è·¯ in font nullfont!
Missing character: There is no æ€§ in font nullfont!
Missing character: There is no èƒ½ in font nullfont!
Missing character: There is no çš„ in font nullfont!
Missing character: There is no æ¨¡ in font nullfont!
Missing character: There is no æ‹Ÿ in font nullfont!
Missing character: There is no åˆ† in font nullfont!
Missing character: There is no æ in font nullfont!
Missing character: There is no è€Œ in font nullfont!
Missing character: There is no å¼€ in font nullfont!
Missing character: There is no å‘ in font nullfont!
Missing character: There is no çš„ in font nullfont!
Missing character: There is no ä¸€ in font nullfont!
Missing character: There is no ä¸ª in font nullfont!
Missing character: There is no å•† in font nullfont!
Missing character: There is no ä¸š in font nullfont!
Missing character: There is no åŒ– in font nullfont!
Missing character: There is no é€š in font nullfont!
Missing character: There is no ç”¨ in font nullfont!
Missing character: There is no ç”µ in font nullfont!
Missing character: There is no è·¯ in font nullfont!
Missing character: There is no æ¨¡ in font nullfont!
Missing character: There is no æ‹Ÿ in font nullfont!
Missing character: There is no ç¨‹ in font nullfont!
Missing character: There is no åº in font nullfont!
Missing character: There is no ï¼Œ in font nullfont!
Missing character: There is no å®ƒ in font nullfont!
Missing character: There is no åœ¨ in font nullfont!
Missing character: There is no ä¼¯ in font nullfont!
Missing character: There is no å…‹ in font nullfont!
Missing character: There is no åˆ© in font nullfont!
Missing character: There is no çš„ in font nullfont!
Missing character: There is no S in font nullfont!
Missing character: There is no P in font nullfont!
Missing character: There is no I in font nullfont!
Missing character: There is no C in font nullfont!
Missing character: There is no E in font nullfont!
Missing character: There is no ï¼ˆ in font nullfont!
Missing character: There is no 1 in font nullfont!
Missing character: There is no 9 in font nullfont!
Missing character: There is no 7 in font nullfont!
Missing character: There is no 2 in font nullfont!
Missing character: There is no å¹´ in font nullfont!
Missing character: There is no æ¨ in font nullfont!
Missing character: There is no å‡º in font nullfont!
Missing character: There is no ï¼‰ in font nullfont!
Missing character: There is no ï¼Œ in font nullfont!
Missing character: There is no M in font nullfont!
Missing character: There is no i in font nullfont!
Missing character: There is no c in font nullfont!
Missing character: There is no r in font nullfont!
Missing character: There is no o in font nullfont!
Missing character: There is no S in font nullfont!
Missing character: There is no i in font nullfont!
Missing character: There is no m in font nullfont!
Missing character: There is no å…¬ in font nullfont!
Missing character: There is no å¸ in font nullfont!
Missing character: There is no çš„ in font nullfont!
Missing character: There is no P in font nullfont!
Missing character: There is no S in font nullfont!
Missing character: There is no P in font nullfont!
Missing character: There is no I in font nullfont!
Missing character: There is no C in font nullfont!
Missing character: There is no E in font nullfont!
Missing character: There is no ï¼ˆ in font nullfont!
Missing character: There is no 1 in font nullfont!
Missing character: There is no 9 in font nullfont!
Missing character: There is no 8 in font nullfont!
Missing character: There is no 4 in font nullfont!
Missing character: There is no å¹´ in font nullfont!
Missing character: There is no æ¨ in font nullfont!
Missing character: There is no å‡º in font nullfont!
Missing character: There is no ï¼‰ in font nullfont!
Missing character: There is no ä»¥ in font nullfont!
Missing character: There is no åŠ in font nullfont!
Missing character: There is no å…¶ in font nullfont!
Missing character: There is no å®ƒ in font nullfont!
Missing character: There is no ç”µ in font nullfont!
Missing character: There is no è·¯ in font nullfont!
Missing character: There is no åˆ† in font nullfont!
Missing character: There is no æ in font nullfont!
Missing character: There is no è½¯ in font nullfont!
Missing character: There is no ä»¶ in font nullfont!
Missing character: There is no çš„ in font nullfont!
Missing character: There is no åŸº in font nullfont!
Missing character: There is no ç¡€ in font nullfont!
Missing character: There is no ä¸Š in font nullfont!
Missing character: There is no ï¼Œ in font nullfont!
Missing character: There is no åˆ in font nullfont!
Missing character: There is no åŠ  in font nullfont!
Missing character: There is no å…¥ in font nullfont!
Missing character: There is no äº† in font nullfont!
Missing character: There is no ä¸€ in font nullfont!
Missing character: There is no äº› in font nullfont!
Missing character: There is no æ–° in font nullfont!
Missing character: There is no çš„ in font nullfont!
Missing character: There is no åŠŸ in font nullfont!
Missing character: There is no èƒ½ in font nullfont!
Missing character: There is no ï¼Œ in font nullfont!
Missing character: There is no ç» in font nullfont!
Missing character: There is no è¿‡ in font nullfont!
Missing character: There is no ä¸ in font nullfont!
Missing character: There is no æ–­ in font nullfont!
Missing character: There is no çš„ in font nullfont!
Missing character: There is no æ”¹ in font nullfont!
Missing character: There is no è¿› in font nullfont!
Missing character: There is no ï¼Œ in font nullfont!
Missing character: There is no ç›® in font nullfont!
Missing character: There is no å‰ in font nullfont!
Missing character: There is no å·² in font nullfont!
Missing character: There is no è¢« in font nullfont!
Missing character: There is no è®¸ in font nullfont!
Missing character: There is no å¤š in font nullfont!
Missing character: There is no å…¬ in font nullfont!
Missing character: There is no å¸ in font nullfont!
Missing character: There is no ã€ in font nullfont!
Missing character: There is no å¤§ in font nullfont!
Missing character: There is no å­¦ in font nullfont!
Missing character: There is no å’Œ in font nullfont!
Missing character: There is no ç ” in font nullfont!
Missing character: There is no ç©¶ in font nullfont!
Missing character: There is no å¼€ in font nullfont!
Missing character: There is no å‘ in font nullfont!
Missing character: There is no æœº in font nullfont!
Missing character: There is no æ„ in font nullfont!
Missing character: There is no å¹¿ in font nullfont!
Missing character: There is no æ³› in font nullfont!
Missing character: There is no åº” in font nullfont!
Missing character: There is no ç”¨ in font nullfont!
Missing character: There is no ã€‚ in font nullfont!

Overfull \hbox (20.0pt too wide) in paragraph at lines 1--5
[]
 []


! LaTeX Error: Missing \begin{document}.

See the LaTeX manual or LaTeX Companion for explanation.
Type  H <return>  for immediate help.
 ...                                              
                                                  
l.6 H
     SPICE å¯ä¸è®¸å¤šä¸»è¦çš„EDA è®¾è®¡å·¥å…·ï¼Œè¯¸å¦‚Cadence,Workview ç­...

You're in trouble here.  Try typing  <return>  to proceed.
If that doesn't work, type  X <return>  to quit.

Missing character: There is no H in font nullfont!
Missing character: There is no S in font nullfont!
Missing character: There is no P in font nullfont!
Missing character: There is no I in font nullfont!
Missing character: There is no C in font nullfont!
Missing character: There is no E in font nullfont!
Missing character: There is no å¯ in font nullfont!
Missing character: There is no ä¸ in font nullfont!
Missing character: There is no è®¸ in font nullfont!
Missing character: There is no å¤š in font nullfont!
Missing character: There is no ä¸» in font nullfont!
Missing character: There is no è¦ in font nullfont!
Missing character: There is no çš„ in font nullfont!
Missing character: There is no E in font nullfont!
Missing character: There is no D in font nullfont!
Missing character: There is no A in font nullfont!
Missing character: There is no è®¾ in font nullfont!
Missing character: There is no è®¡ in font nullfont!
Missing character: There is no å·¥ in font nullfont!
Missing character: There is no å…· in font nullfont!
Missing character: There is no ï¼Œ in font nullfont!
Missing character: There is no è¯¸ in font nullfont!
Missing character: There is no å¦‚ in font nullfont!
Missing character: There is no C in font nullfont!
Missing character: There is no a in font nullfont!
Missing character: There is no d in font nullfont!
Missing character: There is no e in font nullfont!
Missing character: There is no n in font nullfont!
Missing character: There is no c in font nullfont!
Missing character: There is no e in font nullfont!
Missing character: There is no , in font nullfont!
Missing character: There is no W in font nullfont!
Missing character: There is no o in font nullfont!
Missing character: There is no r in font nullfont!
Missing character: There is no k in font nullfont!
Missing character: There is no v in font nullfont!
Missing character: There is no i in font nullfont!
Missing character: There is no e in font nullfont!
Missing character: There is no w in font nullfont!
Missing character: There is no ç­‰ in font nullfont!
Missing character: There is no å…¼ in font nullfont!
Missing character: There is no å®¹ in font nullfont!
Missing character: There is no ï¼Œ in font nullfont!
Missing character: There is no èƒ½ in font nullfont!
Missing character: There is no æ in font nullfont!
Missing character: There is no ä¾› in font nullfont!
Missing character: There is no è®¸ in font nullfont!
Missing character: There is no å¤š in font nullfont!
Missing character: There is no é‡ in font nullfont!
Missing character: There is no è¦ in font nullfont!
Missing character: There is no çš„ in font nullfont!
Missing character: There is no é’ˆ in font nullfont!
Missing character: There is no å¯¹ in font nullfont!
Missing character: There is no é›† in font nullfont!
Missing character: There is no æˆ in font nullfont!
Missing character: There is no ç”µ in font nullfont!
Missing character: There is no è·¯ in font nullfont!
Missing character: There is no æ€§ in font nullfont!
Missing character: There is no èƒ½ in font nullfont!
Missing character: There is no çš„ in font nullfont!
Missing character: There is no ç”µ in font nullfont!
Missing character: There is no è·¯ in font nullfont!
Missing character: There is no ä»¿ in font nullfont!
Missing character: There is no çœŸ in font nullfont!
Missing character: There is no å’Œ in font nullfont!
Missing character: There is no è®¾ in font nullfont!
Missing character: There is no è®¡ in font nullfont!
Missing character: There is no ç»“ in font nullfont!
Missing character: There is no æœ in font nullfont!
Missing character: There is no ã€‚ in font nullfont!
Missing character: There is no é‡‡ in font nullfont!
Missing character: There is no ç”¨ in font nullfont!
Missing character: There is no H in font nullfont!
Missing character: There is no S in font nullfont!
Missing character: There is no P in font nullfont!
Missing character: There is no I in font nullfont!
Missing character: There is no C in font nullfont!
Missing character: There is no E in font nullfont!
Missing character: There is no è½¯ in font nullfont!
Missing character: There is no ä»¶ in font nullfont!
Missing character: There is no å¯ in font nullfont!
Missing character: There is no ä»¥ in font nullfont!
Missing character: There is no åœ¨ in font nullfont!
Missing character: There is no ç›´ in font nullfont!
Missing character: There is no æµ in font nullfont!
Missing character: There is no åˆ° in font nullfont!
Missing character: There is no é«˜ in font nullfont!
Missing character: There is no äº in font nullfont!
Missing character: There is no 1 in font nullfont!
Missing character: There is no 0 in font nullfont!
Missing character: There is no 0 in font nullfont!
Missing character: There is no G in font nullfont!
Missing character: There is no H in font nullfont!
Missing character: There is no z in font nullfont!
Missing character: There is no çš„ in font nullfont!
Missing character: There is no å¾® in font nullfont!
Missing character: There is no æ³¢ in font nullfont!
Missing character: There is no é¢‘ in font nullfont!
Missing character: There is no ç‡ in font nullfont!
Missing character: There is no èŒƒ in font nullfont!
Missing character: There is no å›´ in font nullfont!
Missing character: There is no å†… in font nullfont!
Missing character: There is no å¯¹ in font nullfont!
Missing character: There is no ç”µ in font nullfont!
Missing character: There is no è·¯ in font nullfont!
Missing character: There is no ä½œ in font nullfont!
Missing character: There is no ç²¾ in font nullfont!
Missing character: There is no ç¡® in font nullfont!
Missing character: There is no çš„ in font nullfont!
Missing character: There is no ä»¿ in font nullfont!
Missing character: There is no çœŸ in font nullfont!
Missing character: There is no ã€ in font nullfont!
Missing character: There is no åˆ† in font nullfont!
Missing character: There is no æ in font nullfont!
Missing character: There is no å’Œ in font nullfont!
Missing character: There is no ä¼˜ in font nullfont!
Missing character: There is no åŒ– in font nullfont!
Missing character: There is no ã€‚ in font nullfont!
Missing character: There is no åœ¨ in font nullfont!
Missing character: There is no å® in font nullfont!
Missing character: There is no é™… in font nullfont!
Missing character: There is no åº” in font nullfont!
Missing character: There is no ç”¨ in font nullfont!
Missing character: There is no ä¸­ in font nullfont!
Missing character: There is no ï¼Œ in font nullfont!
Missing character: There is no H in font nullfont!
Missing character: There is no S in font nullfont!
Missing character: There is no P in font nullfont!
Missing character: There is no I in font nullfont!
Missing character: There is no C in font nullfont!
Missing character: There is no E in font nullfont!
Missing character: There is no èƒ½ in font nullfont!
Missing character: There is no æ in font nullfont!
Missing character: There is no ä¾› in font nullfont!
Missing character: There is no å…³ in font nullfont!
Missing character: There is no é”® in font nullfont!
Missing character: There is no æ€§ in font nullfont!
Missing character: There is no çš„ in font nullfont!
Missing character: There is no ç”µ in font nullfont!
Missing character: There is no è·¯ in font nullfont!
Missing character: There is no æ¨¡ in font nullfont!
Missing character: There is no æ‹Ÿ in font nullfont!
Missing character: There is no å’Œ in font nullfont!
Missing character: There is no è®¾ in font nullfont!
Missing character: There is no è®¡ in font nullfont!
Missing character: There is no æ–¹ in font nullfont!
Missing character: There is no æ¡ˆ in font nullfont!
Missing character: There is no ï¼Œ in font nullfont!
Missing character: There is no å¹¶ in font nullfont!
Missing character: There is no ä¸” in font nullfont!
Missing character: There is no åº” in font nullfont!
Missing character: There is no ç”¨ in font nullfont!
Missing character: There is no H in font nullfont!
Missing character: There is no S in font nullfont!
Missing character: There is no P in font nullfont!
Missing character: There is no I in font nullfont!
Missing character: There is no C in font nullfont!
Missing character: There is no E in font nullfont!
Missing character: There is no è¿› in font nullfont!
Missing character: There is no è¡Œ in font nullfont!
Missing character: There is no ç”µ in font nullfont!
Missing character: There is no è·¯ in font nullfont!
Missing character: There is no æ¨¡ in font nullfont!
Missing character: There is no æ‹Ÿ in font nullfont!
Missing character: There is no æ—¶ in font nullfont!
Missing character: There is no ï¼Œ in font nullfont!
Missing character: There is no å…¶ in font nullfont!
Missing character: There is no ç”µ in font nullfont!
Missing character: There is no è·¯ in font nullfont!
Missing character: There is no è§„ in font nullfont!
Missing character: There is no æ¨¡ in font nullfont!
Missing character: There is no ä»… in font nullfont!
Missing character: There is no å– in font nullfont!
Missing character: There is no å†³ in font nullfont!
Missing character: There is no äº in font nullfont!
Missing character: There is no ç”¨ in font nullfont!
Missing character: There is no æˆ· in font nullfont!
Missing character: There is no è®¡ in font nullfont!
Missing character: There is no ç®— in font nullfont!
Missing character: There is no æœº in font nullfont!
Missing character: There is no çš„ in font nullfont!
Missing character: There is no å® in font nullfont!
Missing character: There is no é™… in font nullfont!
Missing character: There is no å­˜ in font nullfont!
Missing character: There is no å‚¨ in font nullfont!
Missing character: There is no å™¨ in font nullfont!
Missing character: There is no å®¹ in font nullfont!
Missing character: There is no é‡ in font nullfont!
Missing character: There is no ã€‚ in font nullfont!

Overfull \hbox (20.0pt too wide) in paragraph at lines 6--7
[]
 []


! LaTeX Error: Missing \begin{document}.

See the LaTeX manual or LaTeX Companion for explanation.
Type  H <return>  for immediate help.
 ...                                              
                                                  
l.8 æœ¬
       æ¬¡å®éªŒä¸­éœ€è¦å¯¹ç½‘è¡¨è¿›è¡Œä¿®æ”¹ï¼Œç›¸å…³åŸç†ä¸»è¦å‚è€ƒæ–‡...

You're in trouble here.  Try typing  <return>  to proceed.
If that doesn't work, type  X <return>  to quit.

Missing character: There is no æœ¬ in font nullfont!
Missing character: There is no æ¬¡ in font nullfont!
Missing character: There is no å® in font nullfont!
Missing character: There is no éªŒ in font nullfont!
Missing character: There is no ä¸­ in font nullfont!
Missing character: There is no éœ€ in font nullfont!
Missing character: There is no è¦ in font nullfont!
Missing character: There is no å¯¹ in font nullfont!
Missing character: There is no ç½‘ in font nullfont!
Missing character: There is no è¡¨ in font nullfont!
Missing character: There is no è¿› in font nullfont!
Missing character: There is no è¡Œ in font nullfont!
Missing character: There is no ä¿® in font nullfont!
Missing character: There is no æ”¹ in font nullfont!
Missing character: There is no ï¼Œ in font nullfont!
Missing character: There is no ç›¸ in font nullfont!
Missing character: There is no å…³ in font nullfont!
Missing character: There is no åŸ in font nullfont!
Missing character: There is no ç† in font nullfont!
Missing character: There is no ä¸» in font nullfont!
Missing character: There is no è¦ in font nullfont!
Missing character: There is no å‚ in font nullfont!
Missing character: There is no è€ƒ in font nullfont!
Missing character: There is no æ–‡ in font nullfont!
Missing character: There is no çŒ® in font nullfont!
Missing character: There is no [ in font nullfont!
\citation{bookHSpice2007}
! Undefined control sequence.
<write> ...: Citation `\@citeb ' on page \thepage 
                                                  \space undefined\on@line .^^J
l.8 ...Ÿç†ä¸»è¦å‚è€ƒæ–‡çŒ®\cite{bookHSpice2007}
                                                  ,ç”µå­ä¹¦ç‰ˆæƒä¸ºå¤æ—¦å...
The control sequence at the end of the top line
of your error message was never \def'ed. If you have
misspelled it (e.g., `\hobx'), type `I' and the correct
spelling (e.g., `I\hbox'). Otherwise just continue,
and I'll forget about whatever was undefined.


LaTeX Warning: Citation `bookHSpice2007' on page  undefined on input line 8.

Missing character: There is no ] in font nullfont!
Missing character: There is no , in font nullfont!
Missing character: There is no ç”µ in font nullfont!
Missing character: There is no å­ in font nullfont!
Missing character: There is no ä¹¦ in font nullfont!
Missing character: There is no ç‰ˆ in font nullfont!
Missing character: There is no æƒ in font nullfont!
Missing character: There is no ä¸º in font nullfont!
Missing character: There is no å¤ in font nullfont!
Missing character: There is no æ—¦ in font nullfont!
Missing character: There is no å¤§ in font nullfont!
Missing character: There is no å­¦ in font nullfont!
Missing character: There is no æ‰€ in font nullfont!
Missing character: There is no æœ‰ in font nullfont!
Missing character: There is no ã€‚ in font nullfont!

Overfull \hbox (25.43053pt too wide) in paragraph at lines 8--9
[][] 
 []

! Undefined control sequence.
l.10 \section
             {åŸºäºHSpiceçš„æ—¶åºç»“æœ}
The control sequence at the end of the top line
of your error message was never \def'ed. If you have
misspelled it (e.g., `\hobx'), type `I' and the correct
spelling (e.g., `I\hbox'). Otherwise just continue,
and I'll forget about whatever was undefined.


! LaTeX Error: Missing \begin{document}.

See the LaTeX manual or LaTeX Companion for explanation.
Type  H <return>  for immediate help.
 ...                                              
                                                  
l.10 \section{åŸº
                 äºHSpiceçš„æ—¶åºç»“æœ}
You're in trouble here.  Try typing  <return>  to proceed.
If that doesn't work, type  X <return>  to quit.

Missing character: There is no åŸº in font nullfont!
Missing character: There is no äº in font nullfont!
Missing character: There is no H in font nullfont!
Missing character: There is no S in font nullfont!
Missing character: There is no p in font nullfont!
Missing character: There is no i in font nullfont!
Missing character: There is no c in font nullfont!
Missing character: There is no e in font nullfont!
Missing character: There is no çš„ in font nullfont!
Missing character: There is no æ—¶ in font nullfont!
Missing character: There is no åº in font nullfont!
Missing character: There is no ç»“ in font nullfont!
Missing character: There is no æœ in font nullfont!
Missing character: There is no åœ¨ in font nullfont!
Missing character: There is no ç”± in font nullfont!
Missing character: There is no C in font nullfont!
Missing character: There is no o in font nullfont!
Missing character: There is no m in font nullfont!
Missing character: There is no p in font nullfont!
Missing character: There is no o in font nullfont!
Missing character: There is no s in font nullfont!
Missing character: There is no e in font nullfont!
Missing character: There is no r in font nullfont!
Missing character: There is no å¯¼ in font nullfont!
Missing character: There is no å‡º in font nullfont!
Missing character: There is no N in font nullfont!
Missing character: There is no O in font nullfont!
Missing character: There is no R in font nullfont!
Missing character: There is no M in font nullfont!
Missing character: There is no æ¨¡ in font nullfont!
Missing character: There is no å— in font nullfont!
Missing character: There is no çš„ in font nullfont!
Missing character: There is no ç½‘ in font nullfont!
Missing character: There is no è¡¨ in font nullfont!
Missing character: There is no å in font nullfont!
Missing character: There is no ï¼Œ in font nullfont!
Missing character: There is no éœ€ in font nullfont!
Missing character: There is no è¦ in font nullfont!
Missing character: There is no åœ¨ in font nullfont!
Missing character: There is no ç½‘ in font nullfont!
Missing character: There is no è¡¨ in font nullfont!
Missing character: There is no ä¸­ in font nullfont!
Missing character: There is no æ·» in font nullfont!
Missing character: There is no åŠ  in font nullfont!
Missing character: There is no å·¥ in font nullfont!
Missing character: There is no è‰º in font nullfont!
Missing character: There is no åº“ in font nullfont!
Missing character: There is no ä»¥ in font nullfont!
Missing character: There is no åŠ in font nullfont!
Missing character: There is no æ¿€ in font nullfont!
Missing character: There is no åŠ± in font nullfont!
Missing character: There is no ç­‰ in font nullfont!
Missing character: There is no ä¿¡ in font nullfont!
Missing character: There is no æ¯ in font nullfont!
Missing character: There is no ï¼Œ in font nullfont!
Missing character: There is no è¿™ in font nullfont!
Missing character: There is no ä¸¤ in font nullfont!
Missing character: There is no éƒ¨ in font nullfont!
Missing character: There is no åˆ† in font nullfont!
Missing character: There is no ä¿¡ in font nullfont!
Missing character: There is no æ¯ in font nullfont!
Missing character: There is no å¦‚ in font nullfont!
Missing character: There is no ä¸‹ in font nullfont!
Missing character: There is no æ‰€ in font nullfont!
Missing character: There is no ç¤º in font nullfont!
Missing character: There is no ï¼Œ in font nullfont!
Missing character: There is no é¦– in font nullfont!
Missing character: There is no å…ˆ in font nullfont!
Missing character: There is no ç¡® in font nullfont!
Missing character: There is no å®š in font nullfont!
Missing character: There is no . in font nullfont!
Missing character: There is no 1 in font nullfont!
Missing character: There is no 3 in font nullfont!
Missing character: There is no çš„ in font nullfont!
Missing character: There is no å·¥ in font nullfont!
Missing character: There is no è‰º in font nullfont!
Missing character: There is no åº“ in font nullfont!
Missing character: There is no ä»¥ in font nullfont!
Missing character: There is no åŠ in font nullfont!
Missing character: There is no æ¸© in font nullfont!
Missing character: There is no åº¦ in font nullfont!
Missing character: There is no ç­‰ in font nullfont!
Missing character: There is no å‚ in font nullfont!
Missing character: There is no æ•° in font nullfont!
Missing character: There is no ã€‚ in font nullfont!

Overfull \hbox (20.0pt too wide) in paragraph at lines 10--12
[] 
 []


Overfull \hbox (136.49881pt too wide) in paragraph at lines 19--19
[]\OT1/cmtt/m/n/10 0.13um INV Characteristics[] 
 []


Overfull \hbox (120.74895pt too wide) in paragraph at lines 19--19
[]\OT1/cmtt/m/n/10 .options LIST NODE POST[] 
 []


Overfull \hbox (120.74895pt too wide) in paragraph at lines 19--19
[]\OT1/cmtt/m/n/10 .lib 'l013_v2p5.lib' TT[] 
 []


Overfull \hbox (41.99963pt too wide) in paragraph at lines 19--19
[]\OT1/cmtt/m/n/10 .TEMP 25[] 
 []


Overfull \hbox (83.99927pt too wide) in paragraph at lines 19--19
[]\OT1/cmtt/m/n/10 .GLOBAL VDD, GND[] 
 []


Overfull \hbox (10.49991pt too wide) in paragraph at lines 19--19
[]\OT1/cmtt/m/n/10 OP[] 
 []

Missing character: There is no ä¸‹ in font nullfont!
Missing character: There is no é¢ in font nullfont!
Missing character: There is no æ˜¯ in font nullfont!
Missing character: There is no ç½‘ in font nullfont!
Missing character: There is no è¡¨ in font nullfont!
Missing character: There is no ä¸­ in font nullfont!
Missing character: There is no è¾“ in font nullfont!
Missing character: There is no å…¥ in font nullfont!
Missing character: There is no çš„ in font nullfont!
Missing character: There is no æ¿€ in font nullfont!
Missing character: There is no åŠ± in font nullfont!
Missing character: There is no : in font nullfont!

Overfull \hbox (299.24739pt too wide) in paragraph at lines 66--66
[]\OT1/cmtt/m/n/10 X Lzc<31> Lzc<30> Lzc<29> Lzc<28> Lzc<27> Lzc<26> Lzc<25>[] 

 []


Overfull \hbox (377.9967pt too wide) in paragraph at lines 66--66
[]\OT1/cmtt/m/n/10 +Lzc<24> Lzc<23> Lzc<22> Lzc<21> Lzc<20> Lzc<19> Lzc<18> Lzc
<17> Lzc<16>[] 
 []


Overfull \hbox (398.99652pt too wide) in paragraph at lines 66--66
[]\OT1/cmtt/m/n/10 +Lzc<15> Lzc<14> Lzc<13> Lzc<12> Lzc<11> Lzc<10> Lzc<9> Lzc<
8> Lzc<7> Lzc<6>[] 
 []


Overfull \hbox (356.99689pt too wide) in paragraph at lines 66--66
[]\OT1/cmtt/m/n/10 +Lzc<5> Lzc<4> Lzc<3> Lzc<2> Lzc<1> Lzc<0> Src<31> src1<30> 
src1<29>[] 
 []


Overfull \hbox (335.99707pt too wide) in paragraph at lines 66--66
[]\OT1/cmtt/m/n/10 +Src<28> Src<27> Src<26> Src<25> Src<24> Src<23> Src<22> Src
<21>[] 
 []


Overfull \hbox (335.99707pt too wide) in paragraph at lines 66--66
[]\OT1/cmtt/m/n/10 +Src<20> Src<19> Src<18> Src<17> Src<16> Src<15> Src<14> Src
<13>[] 
 []


Overfull \hbox (346.49698pt too wide) in paragraph at lines 66--66
[]\OT1/cmtt/m/n/10 +Src<12> Src<11> Src<10> Src<9> Src<8> Src<7> Src<6> Src<5> 
Src<4>[] 
 []


Overfull \hbox (146.99872pt too wide) in paragraph at lines 66--66
[]\OT1/cmtt/m/n/10 +Src<3> Src<2> Src<1> Src<0>[] 
 []


Overfull \hbox (26.24977pt too wide) in paragraph at lines 66--66
[]\OT1/cmtt/m/n/10 +NORM[] 
 []


Overfull \hbox (68.2494pt too wide) in paragraph at lines 66--66
[]\OT1/cmtt/m/n/10 V1 VDD 0 1.2V[] 
 []


Overfull \hbox (73.49936pt too wide) in paragraph at lines 66--66
[]\OT1/cmtt/m/n/10 V4 Src<31> 0 0[] 
 []


Overfull \hbox (73.49936pt too wide) in paragraph at lines 66--66
[]\OT1/cmtt/m/n/10 V5 Src<30> 0 0[] 
 []


Overfull \hbox (73.49936pt too wide) in paragraph at lines 66--66
[]\OT1/cmtt/m/n/10 V6 Src<29> 0 0[] 
 []


Overfull \hbox (225.74803pt too wide) in paragraph at lines 66--66
[]\OT1/cmtt/m/n/10 V7 Src<28> 0 pulse(0 1.2V 0.5N 0N 0N 2N 4N)[] 
 []


Overfull \hbox (89.24922pt too wide) in paragraph at lines 66--66
[]\OT1/cmtt/m/n/10 V8 Src<27> 0 1.2V[] 
 []


Overfull \hbox (89.24922pt too wide) in paragraph at lines 66--66
[]\OT1/cmtt/m/n/10 V9 Src<26> 0 1.2V[] 
 []


Overfull \hbox (94.49918pt too wide) in paragraph at lines 66--66
[]\OT1/cmtt/m/n/10 V10 Src<25> 0 1.2V[] 
 []


Overfull \hbox (94.49918pt too wide) in paragraph at lines 66--66
[]\OT1/cmtt/m/n/10 V11 Src<24> 0 1.2V[] 
 []


Overfull \hbox (78.74931pt too wide) in paragraph at lines 66--66
[]\OT1/cmtt/m/n/10 V12 Src<23> 0 0[] 
 []


Overfull \hbox (78.74931pt too wide) in paragraph at lines 66--66
[]\OT1/cmtt/m/n/10 V13 Src<22> 0 0[] 
 []


Overfull \hbox (78.74931pt too wide) in paragraph at lines 66--66
[]\OT1/cmtt/m/n/10 V14 Src<21> 0 0[] 
 []


Overfull \hbox (78.74931pt too wide) in paragraph at lines 66--66
[]\OT1/cmtt/m/n/10 V15 Src<20> 0 0[] 
 []


Overfull \hbox (78.74931pt too wide) in paragraph at lines 66--66
[]\OT1/cmtt/m/n/10 V16 Src<19> 0 0[] 
 []


Overfull \hbox (78.74931pt too wide) in paragraph at lines 66--66
[]\OT1/cmtt/m/n/10 V17 Src<18> 0 0[] 
 []


Overfull \hbox (78.74931pt too wide) in paragraph at lines 66--66
[]\OT1/cmtt/m/n/10 V18 Src<17> 0 0[] 
 []


Overfull \hbox (78.74931pt too wide) in paragraph at lines 66--66
[]\OT1/cmtt/m/n/10 V19 Src<16> 0 0[] 
 []


Overfull \hbox (78.74931pt too wide) in paragraph at lines 66--66
[]\OT1/cmtt/m/n/10 V20 Src<15> 0 0[] 
 []


Overfull \hbox (78.74931pt too wide) in paragraph at lines 66--66
[]\OT1/cmtt/m/n/10 V21 Src<14> 0 0[] 
 []


Overfull \hbox (78.74931pt too wide) in paragraph at lines 66--66
[]\OT1/cmtt/m/n/10 V22 Src<13> 0 0[] 
 []


Overfull \hbox (78.74931pt too wide) in paragraph at lines 66--66
[]\OT1/cmtt/m/n/10 V23 Src<12> 0 0[] 
 []


Overfull \hbox (94.49918pt too wide) in paragraph at lines 66--66
[]\OT1/cmtt/m/n/10 V24 Src<11> 0 1.2V[] 
 []


Overfull \hbox (78.74931pt too wide) in paragraph at lines 66--66
[]\OT1/cmtt/m/n/10 V25 Src<10> 0 0[] 
 []


Overfull \hbox (89.24922pt too wide) in paragraph at lines 66--66
[]\OT1/cmtt/m/n/10 V26 Src<9> 0 1.2V[] 
 []


Overfull \hbox (89.24922pt too wide) in paragraph at lines 66--66
[]\OT1/cmtt/m/n/10 V27 Src<8> 0 1.2V[] 
 []


Overfull \hbox (89.24922pt too wide) in paragraph at lines 66--66
[]\OT1/cmtt/m/n/10 V28 Src<7> 0 1.2V[] 
 []


Overfull \hbox (89.24922pt too wide) in paragraph at lines 66--66
[]\OT1/cmtt/m/n/10 V29 Src<6> 0 1.2V[] 
 []


Overfull \hbox (89.24922pt too wide) in paragraph at lines 66--66
[]\OT1/cmtt/m/n/10 V30 Src<5> 0 1.2V[] 
 []


Overfull \hbox (89.24922pt too wide) in paragraph at lines 66--66
[]\OT1/cmtt/m/n/10 V31 Src<4> 0 1.2V[] 
 []


Overfull \hbox (89.24922pt too wide) in paragraph at lines 66--66
[]\OT1/cmtt/m/n/10 V32 Src<3> 0 1.2V[] 
 []


Overfull \hbox (89.24922pt too wide) in paragraph at lines 66--66
[]\OT1/cmtt/m/n/10 V33 Src<2> 0 1.2V[] 
 []


Overfull \hbox (89.24922pt too wide) in paragraph at lines 66--66
[]\OT1/cmtt/m/n/10 V34 Src<1> 0 1.2V[] 
 []


Overfull \hbox (89.24922pt too wide) in paragraph at lines 66--66
[]\OT1/cmtt/m/n/10 V35 Src<0> 0 1.2V[] 
 []


Overfull \hbox (73.49936pt too wide) in paragraph at lines 66--66
[]\OT1/cmtt/m/n/10 .tran 0.2n 10n[] 
 []


Overfull \hbox (20.99982pt too wide) in paragraph at lines 66--66
[]\OT1/cmtt/m/n/10 .end[] 
 []

Missing character: There is no æ ¹ in font nullfont!
Missing character: There is no æ® in font nullfont!
Missing character: There is no N in font nullfont!
Missing character: There is no O in font nullfont!
Missing character: There is no R in font nullfont!
Missing character: There is no M in font nullfont!
Missing character: There is no æŒ‡ in font nullfont!
Missing character: There is no ä»¤ in font nullfont!
Missing character: There is no çš„ in font nullfont!
Missing character: There is no å…· in font nullfont!
Missing character: There is no ä½“ in font nullfont!
Missing character: There is no åŠŸ in font nullfont!
Missing character: There is no èƒ½ in font nullfont!
Missing character: There is no ï¼Œ in font nullfont!
Missing character: There is no åœ¨ in font nullfont!
Missing character: There is no è¾“ in font nullfont!
Missing character: There is no å…¥ in font nullfont!
Missing character: There is no ç«¯ in font nullfont!
Missing character: There is no å£ in font nullfont!
Missing character: There is no S in font nullfont!
Missing character: There is no r in font nullfont!
Missing character: There is no c in font nullfont!
Missing character: There is no < in font nullfont!
Missing character: There is no 2 in font nullfont!
Missing character: There is no 8 in font nullfont!
Missing character: There is no > in font nullfont!
Missing character: There is no è¾“ in font nullfont!
Missing character: There is no å…¥ in font nullfont!
Missing character: There is no å‘¨ in font nullfont!
Missing character: There is no æœŸ in font nullfont!
Missing character: There is no ä¸º in font nullfont!
Missing character: There is no 4 in font nullfont!
Missing character: There is no n in font nullfont!
Missing character: There is no s in font nullfont!
Missing character: There is no çš„ in font nullfont!
Missing character: There is no è„‰ in font nullfont!
Missing character: There is no å†² in font nullfont!
Missing character: There is no ç¬ in font nullfont!
Missing character: There is no æ€ in font nullfont!
Missing character: There is no ç”µ in font nullfont!
Missing character: There is no å‹ in font nullfont!
Missing character: There is no æº in font nullfont!
Missing character: There is no ï¼Œ in font nullfont!
Missing character: There is no è„‰ in font nullfont!
Missing character: There is no å†² in font nullfont!
Missing character: There is no å®½ in font nullfont!
Missing character: There is no åº¦ in font nullfont!
Missing character: There is no ä¸º in font nullfont!
Missing character: There is no 2 in font nullfont!
Missing character: There is no n in font nullfont!
Missing character: There is no s in font nullfont!
Missing character: There is no ã€‚ in font nullfont!
Missing character: There is no å®š in font nullfont!
Missing character: There is no ä¹‰ in font nullfont!
Missing character: There is no ç”µ in font nullfont!
Missing character: There is no å‹ in font nullfont!
Missing character: There is no è„‰ in font nullfont!
Missing character: There is no å†² in font nullfont!
Missing character: There is no æº in font nullfont!
Missing character: There is no çš„ in font nullfont!
Missing character: There is no å…· in font nullfont!
Missing character: There is no ä½“ in font nullfont!
Missing character: There is no è¯­ in font nullfont!
Missing character: There is no æ³• in font nullfont!
Missing character: There is no å¦‚ in font nullfont!
Missing character: There is no ä¸‹ in font nullfont!
Missing character: There is no æ‰€ in font nullfont!
Missing character: There is no ç¤º in font nullfont!
Missing character: There is no ï¼š in font nullfont!

Overfull \hbox (304.49734pt too wide) in paragraph at lines 70--70
[]\OT1/cmtt/m/n/10 Vxxx n+ n- PU<LSE> <(>v1 v2 <td <tr <tf <pw <per>>>>>  <)>[]
 
 []

Missing character: There is no å…¶ in font nullfont!
Missing character: There is no ä¸­ in font nullfont!
Missing character: There is no ä¸º in font nullfont!
Missing character: There is no å¯ in font nullfont!
Missing character: There is no çœ in font nullfont!
Missing character: There is no ç•¥ in font nullfont!
Missing character: There is no éƒ¨ in font nullfont!
Missing character: There is no åˆ† in font nullfont!
Missing character: There is no ã€‚ in font nullfont!
Missing character: There is no . in font nullfont!
Missing character: There is no t in font nullfont!
Missing character: There is no r in font nullfont!
Missing character: There is no a in font nullfont!
Missing character: There is no n in font nullfont!
Missing character: There is no s in font nullfont!
Missing character: There is no 0 in font nullfont!
Missing character: There is no . in font nullfont!
Missing character: There is no 2 in font nullfont!
Missing character: There is no n in font nullfont!
Missing character: There is no 1 in font nullfont!
Missing character: There is no 0 in font nullfont!
Missing character: There is no n in font nullfont!
Missing character: There is no è¡¨ in font nullfont!
Missing character: There is no ç¤º in font nullfont!
Missing character: There is no å·¥ in font nullfont!
Missing character: There is no å…· in font nullfont!
Missing character: There is no å…± in font nullfont!
Missing character: There is no éœ€ in font nullfont!
Missing character: There is no è¦ in font nullfont!
Missing character: There is no åˆ† in font nullfont!
Missing character: There is no æ in font nullfont!
Missing character: There is no 1 in font nullfont!
Missing character: There is no 0 in font nullfont!
Missing character: There is no n in font nullfont!
Missing character: There is no s in font nullfont!
Missing character: There is no çš„ in font nullfont!
Missing character: There is no ç¬ in font nullfont!
Missing character: There is no æ€ in font nullfont!
Missing character: There is no åˆ† in font nullfont!
Missing character: There is no æ in font nullfont!
Missing character: There is no ï¼Œ in font nullfont!
Missing character: There is no æ­¥ in font nullfont!
Missing character: There is no é•¿ in font nullfont!
Missing character: There is no ä¸º in font nullfont!
Missing character: There is no 0 in font nullfont!
Missing character: There is no . in font nullfont!
Missing character: There is no 2 in font nullfont!
Missing character: There is no n in font nullfont!
Missing character: There is no s in font nullfont!
Missing character: There is no ã€‚ in font nullfont!

Overfull \hbox (15.74986pt too wide) in paragraph at lines 71--72
[]\OT1/cmtt/m/n/10 < >
 []

Missing character: There is no æœ€ in font nullfont!
Missing character: There is no å in font nullfont!
Missing character: There is no ï¼Œ in font nullfont!
Missing character: There is no H in font nullfont!
Missing character: There is no S in font nullfont!
Missing character: There is no p in font nullfont!
Missing character: There is no i in font nullfont!
Missing character: There is no c in font nullfont!
Missing character: There is no e in font nullfont!
Missing character: There is no çš„ in font nullfont!
Missing character: There is no æ—¶ in font nullfont!
Missing character: There is no åº in font nullfont!
Missing character: There is no åˆ† in font nullfont!
Missing character: There is no æ in font nullfont!
Missing character: There is no ç»“ in font nullfont!
Missing character: There is no æœ in font nullfont!
Missing character: There is no å¦‚ in font nullfont!
Missing character: There is no å›¾ in font nullfont!
! Undefined control sequence.
<write> ...g: Reference `fig4.1' on page \thepage 
                                                  \space undefined\on@line .^^J
l.73 ...iceçš„æ—¶åºåˆ†æç»“æœå¦‚å›¾\ref{fig4.1}
                                                  æ‰€ç¤ºã€‚ä»å›¾ä¸­å¯ä»¥çœ...
The control sequence at the end of the top line
of your error message was never \def'ed. If you have
misspelled it (e.g., `\hobx'), type `I' and the correct
spelling (e.g., `I\hbox'). Otherwise just continue,
and I'll forget about whatever was undefined.


LaTeX Warning: Reference `fig4.1' on page  undefined on input line 73.

Missing character: There is no æ‰€ in font nullfont!
Missing character: There is no ç¤º in font nullfont!
Missing character: There is no ã€‚ in font nullfont!
Missing character: There is no ä» in font nullfont!
Missing character: There is no å›¾ in font nullfont!
Missing character: There is no ä¸­ in font nullfont!
Missing character: There is no å¯ in font nullfont!
Missing character: There is no ä»¥ in font nullfont!
Missing character: There is no çœ‹ in font nullfont!
Missing character: There is no å‡º in font nullfont!
Missing character: There is no ï¼Œ in font nullfont!
Missing character: There is no å½“ in font nullfont!
Missing character: There is no è¾“ in font nullfont!
Missing character: There is no å…¥ in font nullfont!
Missing character: There is no ä¸º in font nullfont!
Missing character: There is no æœ€ in font nullfont!
Missing character: There is no é«˜ in font nullfont!
Missing character: There is no 5 in font nullfont!
Missing character: There is no ä½ in font nullfont!
Missing character: There is no ( in font nullfont!
Missing character: There is no åŒ… in font nullfont!
Missing character: There is no æ‹¬ in font nullfont!
Missing character: There is no ç¬¦ in font nullfont!
Missing character: There is no å· in font nullfont!
Missing character: There is no ä½ in font nullfont!
Missing character: There is no ) in font nullfont!
Missing character: There is no ç”± in font nullfont!
Missing character: There is no 0 in font nullfont!
Missing character: There is no 0 in font nullfont!
Missing character: There is no 0 in font nullfont!
Missing character: There is no 0 in font nullfont!
Missing character: There is no 1 in font nullfont!
Missing character: There is no å˜ in font nullfont!
Missing character: There is no ä¸º in font nullfont!
Missing character: There is no 0 in font nullfont!
Missing character: There is no 0 in font nullfont!
Missing character: There is no 0 in font nullfont!
Missing character: There is no 1 in font nullfont!
Missing character: There is no 1 in font nullfont!
Missing character: There is no æ—¶ in font nullfont!
Missing character: There is no ï¼Œ in font nullfont!
Missing character: There is no è¾“ in font nullfont!
Missing character: There is no å‡º in font nullfont!
Missing character: There is no çš„ in font nullfont!
Missing character: There is no æœ€ in font nullfont!
Missing character: There is no ä½ in font nullfont!
Missing character: There is no ä¸¤ in font nullfont!
Missing character: There is no ä½ in font nullfont!
Missing character: There is no ç”± in font nullfont!
Missing character: There is no 1 in font nullfont!
Missing character: There is no 1 in font nullfont!
Missing character: There is no å˜ in font nullfont!
Missing character: There is no ä¸º in font nullfont!
Missing character: There is no 1 in font nullfont!
Missing character: There is no 0 in font nullfont!
Missing character: There is no ï¼Œ in font nullfont!
Missing character: There is no å…¶ in font nullfont!
Missing character: There is no è¾“ in font nullfont!
Missing character: There is no å‡º in font nullfont!
Missing character: There is no å»¶ in font nullfont!
Missing character: There is no æ—¶ in font nullfont!
Missing character: There is no ä¸º in font nullfont!
Missing character: There is no 3 in font nullfont!
Missing character: There is no 9 in font nullfont!
Missing character: There is no 5 in font nullfont!
Missing character: There is no p in font nullfont!
Missing character: There is no s in font nullfont!
Missing character: There is no ( in font nullfont!
Missing character: There is no å¦‚ in font nullfont!
Missing character: There is no å›¾ in font nullfont!
Missing character: There is no æ‰€ in font nullfont!
Missing character: There is no ç¤º in font nullfont!
Missing character: There is no ) in font nullfont!
Missing character: There is no ï¼Œ in font nullfont!
Missing character: There is no åŒ in font nullfont!
Missing character: There is no æ—¶ in font nullfont!
Missing character: There is no ï¼Œ in font nullfont!
Missing character: There is no è¾“ in font nullfont!
Missing character: There is no å‡º in font nullfont!
Missing character: There is no éš in font nullfont!
Missing character: There is no è¾“ in font nullfont!
Missing character: There is no å…¥ in font nullfont!
Missing character: There is no çš„ in font nullfont!
Missing character: There is no å˜ in font nullfont!
Missing character: There is no åŒ– in font nullfont!
Missing character: There is no æƒ… in font nullfont!
Missing character: There is no å†µ in font nullfont!
Missing character: There is no ä¸ in font nullfont!
Missing character: There is no N in font nullfont!
Missing character: There is no C in font nullfont!
Missing character: There is no çš„ in font nullfont!
Missing character: There is no ä»¿ in font nullfont!
Missing character: There is no çœŸ in font nullfont!
Missing character: There is no æ³¢ in font nullfont!
Missing character: There is no å½¢ in font nullfont!
Missing character: There is no éƒ½ in font nullfont!
Missing character: There is no è¯´ in font nullfont!
Missing character: There is no æ˜ in font nullfont!
Missing character: There is no è®¾ in font nullfont!
Missing character: There is no è®¡ in font nullfont!
Missing character: There is no çš„ in font nullfont!
Missing character: There is no N in font nullfont!
Missing character: There is no O in font nullfont!
Missing character: There is no R in font nullfont!
Missing character: There is no M in font nullfont!
Missing character: There is no æŒ‡ in font nullfont!
Missing character: There is no ä»¤ in font nullfont!
Missing character: There is no æ¨¡ in font nullfont!
Missing character: There is no å— in font nullfont!
Missing character: There is no åŠŸ in font nullfont!
Missing character: There is no èƒ½ in font nullfont!
Missing character: There is no çš„ in font nullfont!
Missing character: There is no æ­£ in font nullfont!
Missing character: There is no ç¡® in font nullfont!
Missing character: There is no æ€§ in font nullfont!
Missing character: There is no ï¼ in font nullfont!

! LaTeX Error: Environment figure undefined.

See the LaTeX manual or LaTeX Companion for explanation.
Type  H <return>  for immediate help.
 ...                                              
                                                  
l.74 \begin{figure}
                   [!hbtp]
Your command was ignored.
Type  I <command> <return>  to replace it with another command,
or  <return>  to continue without it.

Missing character: There is no [ in font nullfont!
Missing character: There is no ! in font nullfont!
Missing character: There is no h in font nullfont!
Missing character: There is no b in font nullfont!
Missing character: There is no t in font nullfont!
Missing character: There is no p in font nullfont!
Missing character: There is no ] in font nullfont!
! Undefined control sequence.
l.76 \includegraphics
                     [width=0.9\textwidth]{chapter4/NORM_HSPICE_1}
The control sequence at the end of the top line
of your error message was never \def'ed. If you have
misspelled it (e.g., `\hobx'), type `I' and the correct
spelling (e.g., `I\hbox'). Otherwise just continue,
and I'll forget about whatever was undefined.

Missing character: There is no [ in font nullfont!
Missing character: There is no w in font nullfont!
Missing character: There is no i in font nullfont!
Missing character: There is no d in font nullfont!
Missing character: There is no t in font nullfont!
Missing character: There is no h in font nullfont!
Missing character: There is no = in font nullfont!
Missing character: There is no 0 in font nullfont!
Missing character: There is no . in font nullfont!
Missing character: There is no 9 in font nullfont!
! Missing number, treated as zero.
<to be read again> 
                   ]
l.76 \includegraphics[width=0.9\textwidth]
                                          {chapter4/NORM_HSPICE_1}
A number should have been here; I inserted `0'.
(If you can't figure out why I needed to see a number,
look up `weird error' in the index to The TeXbook.)

! Illegal unit of measure (pt inserted).
<to be read again> 
                   ]
l.76 \includegraphics[width=0.9\textwidth]
                                          {chapter4/NORM_HSPICE_1}
Dimensions can be in units of em, ex, in, pt, pc,
cm, mm, dd, cc, bp, or sp; but yours is a new one!
I'll assume that you meant to say pt, for printer's points.
To recover gracefully from this error, it's best to
delete the erroneous units; e.g., type `2' to delete
two letters. (See Chapter 27 of The TeXbook.)

Missing character: There is no ] in font nullfont!
Missing character: There is no c in font nullfont!
Missing character: There is no h in font nullfont!
Missing character: There is no a in font nullfont!
Missing character: There is no p in font nullfont!
Missing character: There is no t in font nullfont!
Missing character: There is no e in font nullfont!
Missing character: There is no r in font nullfont!
Missing character: There is no 4 in font nullfont!
Missing character: There is no / in font nullfont!
Missing character: There is no N in font nullfont!
Missing character: There is no O in font nullfont!
Missing character: There is no R in font nullfont!
Missing character: There is no M in font nullfont!
! Missing $ inserted.
<inserted text> 
                $
l.76 ...aphics[width=0.9\textwidth]{chapter4/NORM_
                                                  HSPICE_1}
I've inserted a begin-math/end-math symbol since I think
you left one out. Proceed, with fingers crossed.

LaTeX Font Info:    External font `cmex10' loaded for size
(Font)              <7> on input line 76.
LaTeX Font Info:    External font `cmex10' loaded for size
(Font)              <5> on input line 76.
! Extra }, or forgotten $.
l.76 ...dth=0.9\textwidth]{chapter4/NORM_HSPICE_1}
                                                  
I've deleted a group-closing symbol because it seems to be
spurious, as in `$x}$'. But perhaps the } is legitimate and
you forgot something else, as in `\hbox{$x}'. In such cases
the way to recover is to insert both the forgotten and the
deleted material, e.g., by typing `I$}'.


! LaTeX Error: \caption outside float.

See the LaTeX manual or LaTeX Companion for explanation.
Type  H <return>  for immediate help.
 ...                                              
                                                  
l.77 \caption
             {NORMæŒ‡ä»¤çš„HSpiceåˆ†æç»“æœ}
You're in trouble here.  Try typing  <return>  to proceed.
If that doesn't work, type  X <return>  to quit.


! LaTeX Error: \begin{document} ended by \end{figure}.

See the LaTeX manual or LaTeX Companion for explanation.
Type  H <return>  for immediate help.
 ...                                              
                                                  
l.79 \end{figure}
                 
Your command was ignored.
Type  I <command> <return>  to replace it with another command,
or  <return>  to continue without it.

! Missing $ inserted.
<inserted text> 
                $
l.79 \end{figure}
                 
I've inserted something that you may have forgotten.
(See the <inserted text> above.)
With luck, this will get me unwedged. But if you
really didn't forget anything, try typing `2' now; then
my insertion and my current dilemma will both disappear.

Missing character: There is no æŒ‡ in font cmr10!
Missing character: There is no ä»¤ in font cmr10!
Missing character: There is no çš„ in font cmr10!
Missing character: There is no åˆ† in font cmr10!
Missing character: There is no æ in font cmr10!
Missing character: There is no ç»“ in font cmr10!
Missing character: There is no æœ in font cmr10!
! Missing } inserted.
<inserted text> 
                }
l.79 \end{figure}
                 
I've inserted something that you may have forgotten.
(See the <inserted text> above.)
With luck, this will get me unwedged. But if you
really didn't forget anything, try typing `2' now; then
my insertion and my current dilemma will both disappear.

)
! Emergency stop.
<*> chapter4.tex
                
*** (job aborted, no legal \end found)

 
Here is how much of TeX's memory you used:
 15 strings out of 495525
 159 string characters out of 6184337
 51426 words of memory out of 5000000
 3321 multiletter control sequences out of 15000+600000
 4116 words of font info for 16 fonts, out of 8000000 for 9000
 80 hyphenation exceptions out of 8191
 20i,2n,26p,210b,154s stack positions out of 5000i,500n,10000p,200000b,80000s
No pages of output.
